2023-03-08 15:27:51,447:INFO:Initializing predict_model()
2023-03-08 15:27:51,448:INFO:predict_model(estimator=Pipeline(steps=[('dtypes',
                 DataTypes_Auto_infer(ml_usecase='classification',
                                      target='Certificate_Delivered')),
                ('imputer',
                 Simple_Imputer(categorical_strategy='not_available',
                                fill_value_categorical=None,
                                fill_value_numerical=None,
                                numeric_strategy='mean',
                                target_variable=None)),
                ('new_levels1',
                 New_Catagorical_Levels_in_TestData(replacement_strategy='least '...
                ('cluster_all', 'passthrough'),
                ('dummy', Dummify(target='Certificate_Delivered')),
                ('fix_perfect', Remove_100(target='Certificate_Delivered')),
                ('clean_names', Clean_Colum_Names()),
                ('feature_select', 'passthrough'), ('fix_multi', 'passthrough'),
                ('dfs', 'passthrough'), ('pca', 'passthrough'),
                ['trained_model',
                 AdaBoostClassifier(learning_rate=0.1, n_estimators=100,
                                    random_state=885)]]), probability_threshold=None, encoded_labels=False, drift_report=False, raw_score=False, round=4, verbose=True, ml_usecase=MLUsecase.CLASSIFICATION, display=None, drift_kwargs=None)
2023-03-08 15:27:51,450:INFO:Checking exceptions
2023-03-08 15:27:51,450:INFO:Preloading libraries
2023-03-08 15:30:04,577:INFO:Initializing predict_model()
2023-03-08 15:30:04,577:INFO:predict_model(estimator=Pipeline(steps=[('dtypes',
                 DataTypes_Auto_infer(ml_usecase='classification',
                                      target='Certificate_Delivered')),
                ('imputer',
                 Simple_Imputer(categorical_strategy='not_available',
                                fill_value_categorical=None,
                                fill_value_numerical=None,
                                numeric_strategy='mean',
                                target_variable=None)),
                ('new_levels1',
                 New_Catagorical_Levels_in_TestData(replacement_strategy='least '...
                ('cluster_all', 'passthrough'),
                ('dummy', Dummify(target='Certificate_Delivered')),
                ('fix_perfect', Remove_100(target='Certificate_Delivered')),
                ('clean_names', Clean_Colum_Names()),
                ('feature_select', 'passthrough'), ('fix_multi', 'passthrough'),
                ('dfs', 'passthrough'), ('pca', 'passthrough'),
                ['trained_model',
                 AdaBoostClassifier(learning_rate=0.1, n_estimators=100,
                                    random_state=885)]]), probability_threshold=None, encoded_labels=False, drift_report=False, raw_score=False, round=4, verbose=True, ml_usecase=MLUsecase.CLASSIFICATION, display=None, drift_kwargs=None)
2023-03-08 15:30:04,578:INFO:Checking exceptions
2023-03-08 15:30:04,578:INFO:Preloading libraries
2023-03-08 15:31:32,441:INFO:Initializing predict_model()
2023-03-08 15:31:32,441:INFO:predict_model(estimator=Pipeline(steps=[('dtypes',
                 DataTypes_Auto_infer(ml_usecase='classification',
                                      target='Certificate_Delivered')),
                ('imputer',
                 Simple_Imputer(categorical_strategy='not_available',
                                fill_value_categorical=None,
                                fill_value_numerical=None,
                                numeric_strategy='mean',
                                target_variable=None)),
                ('new_levels1',
                 New_Catagorical_Levels_in_TestData(replacement_strategy='least '...
                ('cluster_all', 'passthrough'),
                ('dummy', Dummify(target='Certificate_Delivered')),
                ('fix_perfect', Remove_100(target='Certificate_Delivered')),
                ('clean_names', Clean_Colum_Names()),
                ('feature_select', 'passthrough'), ('fix_multi', 'passthrough'),
                ('dfs', 'passthrough'), ('pca', 'passthrough'),
                ['trained_model',
                 AdaBoostClassifier(learning_rate=0.1, n_estimators=100,
                                    random_state=885)]]), probability_threshold=None, encoded_labels=False, drift_report=False, raw_score=False, round=4, verbose=True, ml_usecase=MLUsecase.CLASSIFICATION, display=None, drift_kwargs=None)
2023-03-08 15:31:32,441:INFO:Checking exceptions
2023-03-08 15:31:32,441:INFO:Preloading libraries
2023-03-08 15:35:40,339:INFO:Initializing predict_model()
2023-03-08 15:35:40,340:INFO:predict_model(estimator=Pipeline(steps=[('dtypes',
                 DataTypes_Auto_infer(ml_usecase='classification',
                                      target='Certificate_Delivered')),
                ('imputer',
                 Simple_Imputer(categorical_strategy='not_available',
                                fill_value_categorical=None,
                                fill_value_numerical=None,
                                numeric_strategy='mean',
                                target_variable=None)),
                ('new_levels1',
                 New_Catagorical_Levels_in_TestData(replacement_strategy='least '...
                ('cluster_all', 'passthrough'),
                ('dummy', Dummify(target='Certificate_Delivered')),
                ('fix_perfect', Remove_100(target='Certificate_Delivered')),
                ('clean_names', Clean_Colum_Names()),
                ('feature_select', 'passthrough'), ('fix_multi', 'passthrough'),
                ('dfs', 'passthrough'), ('pca', 'passthrough'),
                ['trained_model',
                 AdaBoostClassifier(learning_rate=0.1, n_estimators=100,
                                    random_state=885)]]), probability_threshold=None, encoded_labels=False, drift_report=False, raw_score=False, round=4, verbose=True, ml_usecase=MLUsecase.CLASSIFICATION, display=None, drift_kwargs=None)
2023-03-08 15:35:40,340:INFO:Checking exceptions
2023-03-08 15:35:40,340:INFO:Preloading libraries
2023-03-08 15:38:11,689:INFO:Initializing predict_model()
2023-03-08 15:38:11,694:INFO:predict_model(estimator=Pipeline(steps=[('dtypes',
                 DataTypes_Auto_infer(ml_usecase='classification',
                                      target='Certificate_Delivered')),
                ('imputer',
                 Simple_Imputer(categorical_strategy='not_available',
                                fill_value_categorical=None,
                                fill_value_numerical=None,
                                numeric_strategy='mean',
                                target_variable=None)),
                ('new_levels1',
                 New_Catagorical_Levels_in_TestData(replacement_strategy='least '...
                ('cluster_all', 'passthrough'),
                ('dummy', Dummify(target='Certificate_Delivered')),
                ('fix_perfect', Remove_100(target='Certificate_Delivered')),
                ('clean_names', Clean_Colum_Names()),
                ('feature_select', 'passthrough'), ('fix_multi', 'passthrough'),
                ('dfs', 'passthrough'), ('pca', 'passthrough'),
                ['trained_model',
                 AdaBoostClassifier(learning_rate=0.1, n_estimators=100,
                                    random_state=885)]]), probability_threshold=None, encoded_labels=False, drift_report=False, raw_score=False, round=4, verbose=True, ml_usecase=MLUsecase.CLASSIFICATION, display=None, drift_kwargs=None)
2023-03-08 15:38:11,696:INFO:Checking exceptions
2023-03-08 15:38:11,699:INFO:Preloading libraries
2023-03-08 15:40:20,341:INFO:Initializing predict_model()
2023-03-08 15:40:20,343:INFO:predict_model(estimator=Pipeline(steps=[('dtypes',
                 DataTypes_Auto_infer(ml_usecase='classification',
                                      target='Certificate_Delivered')),
                ('imputer',
                 Simple_Imputer(categorical_strategy='not_available',
                                fill_value_categorical=None,
                                fill_value_numerical=None,
                                numeric_strategy='mean',
                                target_variable=None)),
                ('new_levels1',
                 New_Catagorical_Levels_in_TestData(replacement_strategy='least '...
                ('cluster_all', 'passthrough'),
                ('dummy', Dummify(target='Certificate_Delivered')),
                ('fix_perfect', Remove_100(target='Certificate_Delivered')),
                ('clean_names', Clean_Colum_Names()),
                ('feature_select', 'passthrough'), ('fix_multi', 'passthrough'),
                ('dfs', 'passthrough'), ('pca', 'passthrough'),
                ['trained_model',
                 AdaBoostClassifier(learning_rate=0.1, n_estimators=100,
                                    random_state=885)]]), probability_threshold=None, encoded_labels=False, drift_report=False, raw_score=False, round=4, verbose=True, ml_usecase=MLUsecase.CLASSIFICATION, display=None, drift_kwargs=None)
2023-03-08 15:40:20,343:INFO:Checking exceptions
2023-03-08 15:40:20,343:INFO:Preloading libraries
2023-03-08 15:43:46,295:INFO:Initializing predict_model()
2023-03-08 15:43:46,297:INFO:predict_model(estimator=Pipeline(steps=[('dtypes',
                 DataTypes_Auto_infer(ml_usecase='classification',
                                      target='Certificate_Delivered')),
                ('imputer',
                 Simple_Imputer(categorical_strategy='not_available',
                                fill_value_categorical=None,
                                fill_value_numerical=None,
                                numeric_strategy='mean',
                                target_variable=None)),
                ('new_levels1',
                 New_Catagorical_Levels_in_TestData(replacement_strategy='least '...
                ('cluster_all', 'passthrough'),
                ('dummy', Dummify(target='Certificate_Delivered')),
                ('fix_perfect', Remove_100(target='Certificate_Delivered')),
                ('clean_names', Clean_Colum_Names()),
                ('feature_select', 'passthrough'), ('fix_multi', 'passthrough'),
                ('dfs', 'passthrough'), ('pca', 'passthrough'),
                ['trained_model',
                 AdaBoostClassifier(learning_rate=0.1, n_estimators=100,
                                    random_state=885)]]), probability_threshold=None, encoded_labels=False, drift_report=False, raw_score=False, round=4, verbose=True, ml_usecase=MLUsecase.CLASSIFICATION, display=None, drift_kwargs=None)
2023-03-08 15:43:46,297:INFO:Checking exceptions
2023-03-08 15:43:46,297:INFO:Preloading libraries
2023-03-08 15:46:26,400:INFO:Initializing predict_model()
2023-03-08 15:46:26,401:INFO:predict_model(estimator=Pipeline(steps=[('dtypes',
                 DataTypes_Auto_infer(ml_usecase='classification',
                                      target='Certificate_Delivered')),
                ('imputer',
                 Simple_Imputer(categorical_strategy='not_available',
                                fill_value_categorical=None,
                                fill_value_numerical=None,
                                numeric_strategy='mean',
                                target_variable=None)),
                ('new_levels1',
                 New_Catagorical_Levels_in_TestData(replacement_strategy='least '...
                ('cluster_all', 'passthrough'),
                ('dummy', Dummify(target='Certificate_Delivered')),
                ('fix_perfect', Remove_100(target='Certificate_Delivered')),
                ('clean_names', Clean_Colum_Names()),
                ('feature_select', 'passthrough'), ('fix_multi', 'passthrough'),
                ('dfs', 'passthrough'), ('pca', 'passthrough'),
                ['trained_model',
                 AdaBoostClassifier(learning_rate=0.1, n_estimators=100,
                                    random_state=885)]]), probability_threshold=None, encoded_labels=False, drift_report=False, raw_score=False, round=4, verbose=True, ml_usecase=MLUsecase.CLASSIFICATION, display=None, drift_kwargs=None)
2023-03-08 15:46:26,401:INFO:Checking exceptions
2023-03-08 15:46:26,402:INFO:Preloading libraries
2023-03-08 15:46:37,067:INFO:Initializing predict_model()
2023-03-08 15:46:37,067:INFO:predict_model(estimator=Pipeline(steps=[('dtypes',
                 DataTypes_Auto_infer(ml_usecase='classification',
                                      target='Certificate_Delivered')),
                ('imputer',
                 Simple_Imputer(categorical_strategy='not_available',
                                fill_value_categorical=None,
                                fill_value_numerical=None,
                                numeric_strategy='mean',
                                target_variable=None)),
                ('new_levels1',
                 New_Catagorical_Levels_in_TestData(replacement_strategy='least '...
                ('cluster_all', 'passthrough'),
                ('dummy', Dummify(target='Certificate_Delivered')),
                ('fix_perfect', Remove_100(target='Certificate_Delivered')),
                ('clean_names', Clean_Colum_Names()),
                ('feature_select', 'passthrough'), ('fix_multi', 'passthrough'),
                ('dfs', 'passthrough'), ('pca', 'passthrough'),
                ['trained_model',
                 AdaBoostClassifier(learning_rate=0.1, n_estimators=100,
                                    random_state=885)]]), probability_threshold=None, encoded_labels=False, drift_report=False, raw_score=False, round=4, verbose=True, ml_usecase=MLUsecase.CLASSIFICATION, display=None, drift_kwargs=None)
2023-03-08 15:46:37,067:INFO:Checking exceptions
2023-03-08 15:46:37,067:INFO:Preloading libraries
2023-03-08 15:46:42,143:INFO:Initializing predict_model()
2023-03-08 15:46:42,144:INFO:predict_model(estimator=Pipeline(steps=[('dtypes',
                 DataTypes_Auto_infer(ml_usecase='classification',
                                      target='Certificate_Delivered')),
                ('imputer',
                 Simple_Imputer(categorical_strategy='not_available',
                                fill_value_categorical=None,
                                fill_value_numerical=None,
                                numeric_strategy='mean',
                                target_variable=None)),
                ('new_levels1',
                 New_Catagorical_Levels_in_TestData(replacement_strategy='least '...
                ('cluster_all', 'passthrough'),
                ('dummy', Dummify(target='Certificate_Delivered')),
                ('fix_perfect', Remove_100(target='Certificate_Delivered')),
                ('clean_names', Clean_Colum_Names()),
                ('feature_select', 'passthrough'), ('fix_multi', 'passthrough'),
                ('dfs', 'passthrough'), ('pca', 'passthrough'),
                ['trained_model',
                 AdaBoostClassifier(learning_rate=0.1, n_estimators=100,
                                    random_state=885)]]), probability_threshold=None, encoded_labels=False, drift_report=False, raw_score=False, round=4, verbose=True, ml_usecase=MLUsecase.CLASSIFICATION, display=None, drift_kwargs=None)
2023-03-08 15:46:42,144:INFO:Checking exceptions
2023-03-08 15:46:42,145:INFO:Preloading libraries
2023-03-08 15:48:37,602:INFO:Initializing predict_model()
2023-03-08 15:48:37,602:INFO:predict_model(estimator=Pipeline(steps=[('dtypes',
                 DataTypes_Auto_infer(ml_usecase='classification',
                                      target='Certificate_Delivered')),
                ('imputer',
                 Simple_Imputer(categorical_strategy='not_available',
                                fill_value_categorical=None,
                                fill_value_numerical=None,
                                numeric_strategy='mean',
                                target_variable=None)),
                ('new_levels1',
                 New_Catagorical_Levels_in_TestData(replacement_strategy='least '...
                ('cluster_all', 'passthrough'),
                ('dummy', Dummify(target='Certificate_Delivered')),
                ('fix_perfect', Remove_100(target='Certificate_Delivered')),
                ('clean_names', Clean_Colum_Names()),
                ('feature_select', 'passthrough'), ('fix_multi', 'passthrough'),
                ('dfs', 'passthrough'), ('pca', 'passthrough'),
                ['trained_model',
                 AdaBoostClassifier(learning_rate=0.1, n_estimators=100,
                                    random_state=885)]]), probability_threshold=None, encoded_labels=False, drift_report=False, raw_score=False, round=4, verbose=True, ml_usecase=MLUsecase.CLASSIFICATION, display=None, drift_kwargs=None)
2023-03-08 15:48:37,602:INFO:Checking exceptions
2023-03-08 15:48:37,602:INFO:Preloading libraries
2023-03-08 15:48:43,696:INFO:Initializing predict_model()
2023-03-08 15:48:43,696:INFO:predict_model(estimator=Pipeline(steps=[('dtypes',
                 DataTypes_Auto_infer(ml_usecase='classification',
                                      target='Certificate_Delivered')),
                ('imputer',
                 Simple_Imputer(categorical_strategy='not_available',
                                fill_value_categorical=None,
                                fill_value_numerical=None,
                                numeric_strategy='mean',
                                target_variable=None)),
                ('new_levels1',
                 New_Catagorical_Levels_in_TestData(replacement_strategy='least '...
                ('cluster_all', 'passthrough'),
                ('dummy', Dummify(target='Certificate_Delivered')),
                ('fix_perfect', Remove_100(target='Certificate_Delivered')),
                ('clean_names', Clean_Colum_Names()),
                ('feature_select', 'passthrough'), ('fix_multi', 'passthrough'),
                ('dfs', 'passthrough'), ('pca', 'passthrough'),
                ['trained_model',
                 AdaBoostClassifier(learning_rate=0.1, n_estimators=100,
                                    random_state=885)]]), probability_threshold=None, encoded_labels=False, drift_report=False, raw_score=False, round=4, verbose=True, ml_usecase=MLUsecase.CLASSIFICATION, display=None, drift_kwargs=None)
2023-03-08 15:48:43,697:INFO:Checking exceptions
2023-03-08 15:48:43,697:INFO:Preloading libraries
2023-03-08 15:51:28,751:INFO:Initializing predict_model()
2023-03-08 15:51:28,752:INFO:predict_model(estimator=Pipeline(steps=[('dtypes',
                 DataTypes_Auto_infer(ml_usecase='classification',
                                      target='Certificate_Delivered')),
                ('imputer',
                 Simple_Imputer(categorical_strategy='not_available',
                                fill_value_categorical=None,
                                fill_value_numerical=None,
                                numeric_strategy='mean',
                                target_variable=None)),
                ('new_levels1',
                 New_Catagorical_Levels_in_TestData(replacement_strategy='least '...
                ('cluster_all', 'passthrough'),
                ('dummy', Dummify(target='Certificate_Delivered')),
                ('fix_perfect', Remove_100(target='Certificate_Delivered')),
                ('clean_names', Clean_Colum_Names()),
                ('feature_select', 'passthrough'), ('fix_multi', 'passthrough'),
                ('dfs', 'passthrough'), ('pca', 'passthrough'),
                ['trained_model',
                 AdaBoostClassifier(learning_rate=0.1, n_estimators=100,
                                    random_state=885)]]), probability_threshold=None, encoded_labels=False, drift_report=False, raw_score=False, round=4, verbose=True, ml_usecase=MLUsecase.CLASSIFICATION, display=None, drift_kwargs=None)
2023-03-08 15:51:28,752:INFO:Checking exceptions
2023-03-08 15:51:28,752:INFO:Preloading libraries
2023-03-08 15:51:32,009:INFO:Initializing predict_model()
2023-03-08 15:51:32,010:INFO:predict_model(estimator=Pipeline(steps=[('dtypes',
                 DataTypes_Auto_infer(ml_usecase='classification',
                                      target='Certificate_Delivered')),
                ('imputer',
                 Simple_Imputer(categorical_strategy='not_available',
                                fill_value_categorical=None,
                                fill_value_numerical=None,
                                numeric_strategy='mean',
                                target_variable=None)),
                ('new_levels1',
                 New_Catagorical_Levels_in_TestData(replacement_strategy='least '...
                ('cluster_all', 'passthrough'),
                ('dummy', Dummify(target='Certificate_Delivered')),
                ('fix_perfect', Remove_100(target='Certificate_Delivered')),
                ('clean_names', Clean_Colum_Names()),
                ('feature_select', 'passthrough'), ('fix_multi', 'passthrough'),
                ('dfs', 'passthrough'), ('pca', 'passthrough'),
                ['trained_model',
                 AdaBoostClassifier(learning_rate=0.1, n_estimators=100,
                                    random_state=885)]]), probability_threshold=None, encoded_labels=False, drift_report=False, raw_score=False, round=4, verbose=True, ml_usecase=MLUsecase.CLASSIFICATION, display=None, drift_kwargs=None)
2023-03-08 15:51:32,011:INFO:Checking exceptions
2023-03-08 15:51:32,011:INFO:Preloading libraries
2023-03-08 15:53:48,419:INFO:Initializing predict_model()
2023-03-08 15:53:48,420:INFO:predict_model(estimator=Pipeline(steps=[('dtypes',
                 DataTypes_Auto_infer(ml_usecase='classification',
                                      target='Certificate_Delivered')),
                ('imputer',
                 Simple_Imputer(categorical_strategy='not_available',
                                fill_value_categorical=None,
                                fill_value_numerical=None,
                                numeric_strategy='mean',
                                target_variable=None)),
                ('new_levels1',
                 New_Catagorical_Levels_in_TestData(replacement_strategy='least '...
                ('cluster_all', 'passthrough'),
                ('dummy', Dummify(target='Certificate_Delivered')),
                ('fix_perfect', Remove_100(target='Certificate_Delivered')),
                ('clean_names', Clean_Colum_Names()),
                ('feature_select', 'passthrough'), ('fix_multi', 'passthrough'),
                ('dfs', 'passthrough'), ('pca', 'passthrough'),
                ['trained_model',
                 AdaBoostClassifier(learning_rate=0.1, n_estimators=100,
                                    random_state=885)]]), probability_threshold=None, encoded_labels=False, drift_report=False, raw_score=False, round=4, verbose=True, ml_usecase=MLUsecase.CLASSIFICATION, display=None, drift_kwargs=None)
2023-03-08 15:53:48,420:INFO:Checking exceptions
2023-03-08 15:53:48,420:INFO:Preloading libraries
2023-03-08 15:53:51,643:INFO:Initializing predict_model()
2023-03-08 15:53:51,643:INFO:predict_model(estimator=Pipeline(steps=[('dtypes',
                 DataTypes_Auto_infer(ml_usecase='classification',
                                      target='Certificate_Delivered')),
                ('imputer',
                 Simple_Imputer(categorical_strategy='not_available',
                                fill_value_categorical=None,
                                fill_value_numerical=None,
                                numeric_strategy='mean',
                                target_variable=None)),
                ('new_levels1',
                 New_Catagorical_Levels_in_TestData(replacement_strategy='least '...
                ('cluster_all', 'passthrough'),
                ('dummy', Dummify(target='Certificate_Delivered')),
                ('fix_perfect', Remove_100(target='Certificate_Delivered')),
                ('clean_names', Clean_Colum_Names()),
                ('feature_select', 'passthrough'), ('fix_multi', 'passthrough'),
                ('dfs', 'passthrough'), ('pca', 'passthrough'),
                ['trained_model',
                 AdaBoostClassifier(learning_rate=0.1, n_estimators=100,
                                    random_state=885)]]), probability_threshold=None, encoded_labels=False, drift_report=False, raw_score=False, round=4, verbose=True, ml_usecase=MLUsecase.CLASSIFICATION, display=None, drift_kwargs=None)
2023-03-08 15:53:51,645:INFO:Checking exceptions
2023-03-08 15:53:51,646:INFO:Preloading libraries
2023-03-08 15:56:07,359:INFO:Initializing predict_model()
2023-03-08 15:56:07,361:INFO:predict_model(estimator=Pipeline(steps=[('dtypes',
                 DataTypes_Auto_infer(ml_usecase='classification',
                                      target='Certificate_Delivered')),
                ('imputer',
                 Simple_Imputer(categorical_strategy='not_available',
                                fill_value_categorical=None,
                                fill_value_numerical=None,
                                numeric_strategy='mean',
                                target_variable=None)),
                ('new_levels1',
                 New_Catagorical_Levels_in_TestData(replacement_strategy='least '...
                ('cluster_all', 'passthrough'),
                ('dummy', Dummify(target='Certificate_Delivered')),
                ('fix_perfect', Remove_100(target='Certificate_Delivered')),
                ('clean_names', Clean_Colum_Names()),
                ('feature_select', 'passthrough'), ('fix_multi', 'passthrough'),
                ('dfs', 'passthrough'), ('pca', 'passthrough'),
                ['trained_model',
                 AdaBoostClassifier(learning_rate=0.1, n_estimators=100,
                                    random_state=885)]]), probability_threshold=None, encoded_labels=False, drift_report=False, raw_score=False, round=4, verbose=True, ml_usecase=MLUsecase.CLASSIFICATION, display=None, drift_kwargs=None)
2023-03-08 15:56:07,361:INFO:Checking exceptions
2023-03-08 15:56:07,361:INFO:Preloading libraries
2023-03-08 15:57:41,182:INFO:Initializing predict_model()
2023-03-08 15:57:41,183:INFO:predict_model(estimator=Pipeline(steps=[('dtypes',
                 DataTypes_Auto_infer(ml_usecase='classification',
                                      target='Certificate_Delivered')),
                ('imputer',
                 Simple_Imputer(categorical_strategy='not_available',
                                fill_value_categorical=None,
                                fill_value_numerical=None,
                                numeric_strategy='mean',
                                target_variable=None)),
                ('new_levels1',
                 New_Catagorical_Levels_in_TestData(replacement_strategy='least '...
                ('cluster_all', 'passthrough'),
                ('dummy', Dummify(target='Certificate_Delivered')),
                ('fix_perfect', Remove_100(target='Certificate_Delivered')),
                ('clean_names', Clean_Colum_Names()),
                ('feature_select', 'passthrough'), ('fix_multi', 'passthrough'),
                ('dfs', 'passthrough'), ('pca', 'passthrough'),
                ['trained_model',
                 AdaBoostClassifier(learning_rate=0.1, n_estimators=100,
                                    random_state=885)]]), probability_threshold=None, encoded_labels=False, drift_report=False, raw_score=False, round=4, verbose=True, ml_usecase=MLUsecase.CLASSIFICATION, display=None, drift_kwargs=None)
2023-03-08 15:57:41,183:INFO:Checking exceptions
2023-03-08 15:57:41,183:INFO:Preloading libraries
2023-03-08 16:01:12,851:INFO:Initializing predict_model()
2023-03-08 16:01:12,853:INFO:predict_model(estimator=Pipeline(steps=[('dtypes',
                 DataTypes_Auto_infer(ml_usecase='classification',
                                      target='Certificate_Delivered')),
                ('imputer',
                 Simple_Imputer(categorical_strategy='not_available',
                                fill_value_categorical=None,
                                fill_value_numerical=None,
                                numeric_strategy='mean',
                                target_variable=None)),
                ('new_levels1',
                 New_Catagorical_Levels_in_TestData(replacement_strategy='least '...
                ('cluster_all', 'passthrough'),
                ('dummy', Dummify(target='Certificate_Delivered')),
                ('fix_perfect', Remove_100(target='Certificate_Delivered')),
                ('clean_names', Clean_Colum_Names()),
                ('feature_select', 'passthrough'), ('fix_multi', 'passthrough'),
                ('dfs', 'passthrough'), ('pca', 'passthrough'),
                ['trained_model',
                 AdaBoostClassifier(learning_rate=0.1, n_estimators=100,
                                    random_state=885)]]), probability_threshold=None, encoded_labels=False, drift_report=False, raw_score=False, round=4, verbose=True, ml_usecase=MLUsecase.CLASSIFICATION, display=None, drift_kwargs=None)
2023-03-08 16:01:12,853:INFO:Checking exceptions
2023-03-08 16:01:12,853:INFO:Preloading libraries
2023-03-08 16:01:21,977:INFO:Initializing predict_model()
2023-03-08 16:01:21,978:INFO:predict_model(estimator=Pipeline(steps=[('dtypes',
                 DataTypes_Auto_infer(ml_usecase='classification',
                                      target='Certificate_Delivered')),
                ('imputer',
                 Simple_Imputer(categorical_strategy='not_available',
                                fill_value_categorical=None,
                                fill_value_numerical=None,
                                numeric_strategy='mean',
                                target_variable=None)),
                ('new_levels1',
                 New_Catagorical_Levels_in_TestData(replacement_strategy='least '...
                ('cluster_all', 'passthrough'),
                ('dummy', Dummify(target='Certificate_Delivered')),
                ('fix_perfect', Remove_100(target='Certificate_Delivered')),
                ('clean_names', Clean_Colum_Names()),
                ('feature_select', 'passthrough'), ('fix_multi', 'passthrough'),
                ('dfs', 'passthrough'), ('pca', 'passthrough'),
                ['trained_model',
                 AdaBoostClassifier(learning_rate=0.1, n_estimators=100,
                                    random_state=885)]]), probability_threshold=None, encoded_labels=False, drift_report=False, raw_score=False, round=4, verbose=True, ml_usecase=MLUsecase.CLASSIFICATION, display=None, drift_kwargs=None)
2023-03-08 16:01:21,978:INFO:Checking exceptions
2023-03-08 16:01:21,978:INFO:Preloading libraries
2023-03-08 16:05:45,221:INFO:Initializing predict_model()
2023-03-08 16:05:45,221:INFO:predict_model(estimator=Pipeline(steps=[('dtypes',
                 DataTypes_Auto_infer(ml_usecase='classification',
                                      target='Certificate_Delivered')),
                ('imputer',
                 Simple_Imputer(categorical_strategy='not_available',
                                fill_value_categorical=None,
                                fill_value_numerical=None,
                                numeric_strategy='mean',
                                target_variable=None)),
                ('new_levels1',
                 New_Catagorical_Levels_in_TestData(replacement_strategy='least '...
                ('cluster_all', 'passthrough'),
                ('dummy', Dummify(target='Certificate_Delivered')),
                ('fix_perfect', Remove_100(target='Certificate_Delivered')),
                ('clean_names', Clean_Colum_Names()),
                ('feature_select', 'passthrough'), ('fix_multi', 'passthrough'),
                ('dfs', 'passthrough'), ('pca', 'passthrough'),
                ['trained_model',
                 AdaBoostClassifier(learning_rate=0.1, n_estimators=100,
                                    random_state=885)]]), probability_threshold=None, encoded_labels=False, drift_report=False, raw_score=False, round=4, verbose=True, ml_usecase=MLUsecase.CLASSIFICATION, display=None, drift_kwargs=None)
2023-03-08 16:05:45,221:INFO:Checking exceptions
2023-03-08 16:05:45,224:INFO:Preloading libraries
2023-03-08 16:05:54,117:INFO:Initializing predict_model()
2023-03-08 16:05:54,117:INFO:predict_model(estimator=Pipeline(steps=[('dtypes',
                 DataTypes_Auto_infer(ml_usecase='classification',
                                      target='Certificate_Delivered')),
                ('imputer',
                 Simple_Imputer(categorical_strategy='not_available',
                                fill_value_categorical=None,
                                fill_value_numerical=None,
                                numeric_strategy='mean',
                                target_variable=None)),
                ('new_levels1',
                 New_Catagorical_Levels_in_TestData(replacement_strategy='least '...
                ('cluster_all', 'passthrough'),
                ('dummy', Dummify(target='Certificate_Delivered')),
                ('fix_perfect', Remove_100(target='Certificate_Delivered')),
                ('clean_names', Clean_Colum_Names()),
                ('feature_select', 'passthrough'), ('fix_multi', 'passthrough'),
                ('dfs', 'passthrough'), ('pca', 'passthrough'),
                ['trained_model',
                 AdaBoostClassifier(learning_rate=0.1, n_estimators=100,
                                    random_state=885)]]), probability_threshold=None, encoded_labels=False, drift_report=False, raw_score=False, round=4, verbose=True, ml_usecase=MLUsecase.CLASSIFICATION, display=None, drift_kwargs=None)
2023-03-08 16:05:54,117:INFO:Checking exceptions
2023-03-08 16:05:54,117:INFO:Preloading libraries
2023-03-08 16:06:27,107:INFO:Initializing predict_model()
2023-03-08 16:06:27,107:INFO:predict_model(estimator=Pipeline(steps=[('dtypes',
                 DataTypes_Auto_infer(ml_usecase='classification',
                                      target='Certificate_Delivered')),
                ('imputer',
                 Simple_Imputer(categorical_strategy='not_available',
                                fill_value_categorical=None,
                                fill_value_numerical=None,
                                numeric_strategy='mean',
                                target_variable=None)),
                ('new_levels1',
                 New_Catagorical_Levels_in_TestData(replacement_strategy='least '...
                ('cluster_all', 'passthrough'),
                ('dummy', Dummify(target='Certificate_Delivered')),
                ('fix_perfect', Remove_100(target='Certificate_Delivered')),
                ('clean_names', Clean_Colum_Names()),
                ('feature_select', 'passthrough'), ('fix_multi', 'passthrough'),
                ('dfs', 'passthrough'), ('pca', 'passthrough'),
                ['trained_model',
                 AdaBoostClassifier(learning_rate=0.1, n_estimators=100,
                                    random_state=885)]]), probability_threshold=None, encoded_labels=False, drift_report=False, raw_score=False, round=4, verbose=True, ml_usecase=MLUsecase.CLASSIFICATION, display=None, drift_kwargs=None)
2023-03-08 16:06:27,108:INFO:Checking exceptions
2023-03-08 16:06:27,108:INFO:Preloading libraries
2023-03-08 18:13:57,741:INFO:Initializing predict_model()
2023-03-08 18:13:57,742:INFO:predict_model(estimator=Pipeline(steps=[('dtypes',
                 DataTypes_Auto_infer(ml_usecase='classification',
                                      target='Certificate_Delivered')),
                ('imputer',
                 Simple_Imputer(categorical_strategy='not_available',
                                fill_value_categorical=None,
                                fill_value_numerical=None,
                                numeric_strategy='mean',
                                target_variable=None)),
                ('new_levels1',
                 New_Catagorical_Levels_in_TestData(replacement_strategy='least '...
                ('cluster_all', 'passthrough'),
                ('dummy', Dummify(target='Certificate_Delivered')),
                ('fix_perfect', Remove_100(target='Certificate_Delivered')),
                ('clean_names', Clean_Colum_Names()),
                ('feature_select', 'passthrough'), ('fix_multi', 'passthrough'),
                ('dfs', 'passthrough'), ('pca', 'passthrough'),
                ['trained_model',
                 AdaBoostClassifier(learning_rate=0.1, n_estimators=100,
                                    random_state=885)]]), probability_threshold=None, encoded_labels=False, drift_report=False, raw_score=False, round=4, verbose=True, ml_usecase=MLUsecase.CLASSIFICATION, display=None, drift_kwargs=None)
2023-03-08 18:13:57,742:INFO:Checking exceptions
2023-03-08 18:13:57,742:INFO:Preloading libraries
2023-03-08 18:14:05,308:INFO:Initializing predict_model()
2023-03-08 18:14:05,309:INFO:predict_model(estimator=Pipeline(steps=[('dtypes',
                 DataTypes_Auto_infer(ml_usecase='classification',
                                      target='Certificate_Delivered')),
                ('imputer',
                 Simple_Imputer(categorical_strategy='not_available',
                                fill_value_categorical=None,
                                fill_value_numerical=None,
                                numeric_strategy='mean',
                                target_variable=None)),
                ('new_levels1',
                 New_Catagorical_Levels_in_TestData(replacement_strategy='least '...
                ('cluster_all', 'passthrough'),
                ('dummy', Dummify(target='Certificate_Delivered')),
                ('fix_perfect', Remove_100(target='Certificate_Delivered')),
                ('clean_names', Clean_Colum_Names()),
                ('feature_select', 'passthrough'), ('fix_multi', 'passthrough'),
                ('dfs', 'passthrough'), ('pca', 'passthrough'),
                ['trained_model',
                 AdaBoostClassifier(learning_rate=0.1, n_estimators=100,
                                    random_state=885)]]), probability_threshold=None, encoded_labels=False, drift_report=False, raw_score=False, round=4, verbose=True, ml_usecase=MLUsecase.CLASSIFICATION, display=None, drift_kwargs=None)
2023-03-08 18:14:05,309:INFO:Checking exceptions
2023-03-08 18:14:05,309:INFO:Preloading libraries
2023-03-08 18:14:41,102:INFO:Initializing predict_model()
2023-03-08 18:14:41,103:INFO:predict_model(estimator=Pipeline(steps=[('dtypes',
                 DataTypes_Auto_infer(ml_usecase='classification',
                                      target='Certificate_Delivered')),
                ('imputer',
                 Simple_Imputer(categorical_strategy='not_available',
                                fill_value_categorical=None,
                                fill_value_numerical=None,
                                numeric_strategy='mean',
                                target_variable=None)),
                ('new_levels1',
                 New_Catagorical_Levels_in_TestData(replacement_strategy='least '...
                ('cluster_all', 'passthrough'),
                ('dummy', Dummify(target='Certificate_Delivered')),
                ('fix_perfect', Remove_100(target='Certificate_Delivered')),
                ('clean_names', Clean_Colum_Names()),
                ('feature_select', 'passthrough'), ('fix_multi', 'passthrough'),
                ('dfs', 'passthrough'), ('pca', 'passthrough'),
                ['trained_model',
                 AdaBoostClassifier(learning_rate=0.1, n_estimators=100,
                                    random_state=885)]]), probability_threshold=None, encoded_labels=False, drift_report=False, raw_score=False, round=4, verbose=True, ml_usecase=MLUsecase.CLASSIFICATION, display=None, drift_kwargs=None)
2023-03-08 18:14:41,103:INFO:Checking exceptions
2023-03-08 18:14:41,104:INFO:Preloading libraries
2023-03-09 10:22:24,185:INFO:Initializing predict_model()
2023-03-09 10:22:24,186:INFO:predict_model(estimator=Pipeline(steps=[('dtypes',
                 DataTypes_Auto_infer(ml_usecase='classification',
                                      target='Certificate_Delivered')),
                ('imputer',
                 Simple_Imputer(categorical_strategy='not_available',
                                fill_value_categorical=None,
                                fill_value_numerical=None,
                                numeric_strategy='mean',
                                target_variable=None)),
                ('new_levels1',
                 New_Catagorical_Levels_in_TestData(replacement_strategy='least '...
                ('cluster_all', 'passthrough'),
                ('dummy', Dummify(target='Certificate_Delivered')),
                ('fix_perfect', Remove_100(target='Certificate_Delivered')),
                ('clean_names', Clean_Colum_Names()),
                ('feature_select', 'passthrough'), ('fix_multi', 'passthrough'),
                ('dfs', 'passthrough'), ('pca', 'passthrough'),
                ['trained_model',
                 AdaBoostClassifier(learning_rate=0.1, n_estimators=100,
                                    random_state=885)]]), probability_threshold=None, encoded_labels=False, drift_report=False, raw_score=False, round=4, verbose=True, ml_usecase=MLUsecase.CLASSIFICATION, display=None, drift_kwargs=None)
2023-03-09 10:22:24,186:INFO:Checking exceptions
2023-03-09 10:22:24,186:INFO:Preloading libraries
